<?xml version="1.0" encoding="UTF-8"?>
<!-- Generated by org.testng.reporters.JUnitXMLReporter -->
<testsuite ignored="0" hostname="DESKTOP-HH2KTU2" failures="0" tests="3" name="Default test" time="0.083" errors="0" timestamp="2022-06-05T20:33:29 IST">
  <testcase classname="array.AddingArrays" name="create" time="0.01"/>
  <testcase classname="array.AddingArrays" name="modify" time="0.002"/>
  <testcase classname="array.AddingArrays" name="delete" time="0.002"/>
</testsuite> <!-- Default test -->
