<?xml version="1.0" encoding="UTF-8"?>
<testng-results ignored="0" total="1" passed="1" failed="0" skipped="0">
  <reporter-output>
  </reporter-output>
  <suite started-at="2022-03-23T12:59:13 IST" name="Default suite" finished-at="2022-03-23T12:59:13 IST" duration-ms="69">
    <groups>
    </groups>
    <test started-at="2022-03-23T12:59:13 IST" name="Default test" finished-at="2022-03-23T12:59:13 IST" duration-ms="69">
      <class name="com.crm.vtiger.organization.VtigerLoginTest">
        <test-method signature="loginTest()[pri:0, instance:com.crm.vtiger.organization.VtigerLoginTest@41fecb8b]" started-at="2022-03-23T12:59:13 IST" name="loginTest" finished-at="2022-03-23T12:59:13 IST" duration-ms="12" status="PASS">
          <reporter-output>
          </reporter-output>
        </test-method> <!-- loginTest -->
      </class> <!-- com.crm.vtiger.organization.VtigerLoginTest -->
    </test> <!-- Default test -->
  </suite> <!-- Default suite -->
</testng-results>
